----- Fri Feb 28 18:16:00 UTC 2025 : Début de la synchronisation -----
Exécution de git pull --rebase origin master
error: cannot pull with rebase: You have unstaged changes.
error: please commit or stash them.
Ajout des fichiers modifiés avec git add -A
Commit des modifications avec git commit
[master 33fcdce] Auto-update n8n workflows - Fri Feb 28 18:16:00 UTC 2025
 3 files changed, 27 insertions(+), 8 deletions(-)
 create mode 100644 git_sync.log
Push des modifications avec git push origin master
To https://github.com/ybdn/jared-workflows.git
   8c2b11f..33fcdce  master -> master
----- Fri Feb 28 18:16:02 UTC 2025 : Fin de la synchronisation -----
----- Fri Feb 28 18:18:33 UTC 2025 : Début de la synchronisation -----
[master eba4a20] Auto-save before pull - Fri Feb 28 18:18:33 UTC 2025
 2 files changed, 13 insertions(+)
Exécution de git pull --rebase origin master
error: cannot pull with rebase: You have unstaged changes.
error: please commit or stash them.
Ajout des fichiers modifiés avec git add -A
Commit des modifications avec git commit
[master 6a80c2c] Auto-update n8n workflows - Fri Feb 28 18:18:33 UTC 2025
 1 file changed, 6 insertions(+)
Push des modifications avec git push origin master
To https://github.com/ybdn/jared-workflows.git
   33fcdce..6a80c2c  master -> master
----- Fri Feb 28 18:18:34 UTC 2025 : Fin de la synchronisation -----
----- Fri Feb 28 18:20:01 UTC 2025 : Début de la synchronisation -----
[master e4b6847] Auto-save before pull - Fri Feb 28 18:20:01 UTC 2025
 1 file changed, 8 insertions(+)
Exécution de git pull --rebase origin master
error: cannot pull with rebase: You have unstaged changes.
error: please commit or stash them.
Ajout des fichiers modifiés avec git add -A
Commit des modifications avec git commit
[master 8c308c7] Auto-update n8n workflows - Fri Feb 28 18:20:01 UTC 2025
 1 file changed, 6 insertions(+)
Push des modifications avec git push origin master
fatal: could not read Username for 'https://github.com': No such device or address
----- Fri Feb 28 18:20:01 UTC 2025 : Fin de la synchronisation -----
----- Fri Feb 28 18:22:44 UTC 2025 : Début de la synchronisation -----
[master dedc01c] Auto-save before pull - Fri Feb 28 18:22:44 UTC 2025
 2 files changed, 8 insertions(+), 1 deletion(-)
Exécution de git pull --rebase origin master
error: cannot pull with rebase: You have unstaged changes.
error: please commit or stash them.
Ajout des fichiers modifiés avec git add -A
Commit des modifications avec git commit
[master 1854a79] Auto-update n8n workflows - Fri Feb 28 18:22:44 UTC 2025
 1 file changed, 6 insertions(+)
Push des modifications avec git push origin master
To https://github.com/ybdn/jared-workflows.git
   6a80c2c..1854a79  master -> master
----- Fri Feb 28 18:22:45 UTC 2025 : Fin de la synchronisation -----
----- Fri Feb 28 18:30:01 UTC 2025 : Début de la synchronisation -----
[master 03ba399] Auto-save before pull - Fri Feb 28 18:30:01 UTC 2025
 2 files changed, 9 insertions(+), 1 deletion(-)
Exécution de git pull --rebase origin master
error: cannot pull with rebase: You have unstaged changes.
error: please commit or stash them.
Ajout des fichiers modifiés avec git add -A
Commit des modifications avec git commit
[master f22f1f9] Auto-update n8n workflows - Fri Feb 28 18:30:01 UTC 2025
 1 file changed, 6 insertions(+)
Push des modifications avec git push origin master
To github.com:ybdn/jared-workflows.git
   1854a79..f22f1f9  master -> master
----- Fri Feb 28 18:30:03 UTC 2025 : Fin de la synchronisation -----
----- Fri Feb 28 18:40:01 UTC 2025 : Début de la synchronisation -----
